<?xml version="1.0" encoding="UTF-8"?>
<robot generator="Robot 3.1.2 (Python 3.7.4 on win32)" generated="20191211 23:05:22.555" rpa="false">
<suite id="s1" name="Tc" source="D:\松勤培训视频\项目实战\参考代码\spj02\spj\tc">
<kw name="Delete All School Classes" library="pylib.SchoolClassLib" type="setup">
<msg timestamp="20191211 23:05:23.533" level="INFO">{'msg': 'vcode format error:vcode error', 'retcode': 2}
{'msg': 'vcode format error:vcode error', 'retcode': 2}</msg>
<msg timestamp="20191211 23:05:23.536" level="FAIL">KeyError: 'retlist'</msg>
<status status="FAIL" starttime="20191211 23:05:23.258" endtime="20191211 23:05:23.536"></status>
</kw>
<suite id="s1-s1" name="D-7年级1班" source="D:\松勤培训视频\项目实战\参考代码\spj02\spj\tc\d-7年级1班">
<suite id="s1-s1-s1" name="班级管理" source="D:\松勤培训视频\项目实战\参考代码\spj02\spj\tc\d-7年级1班\班级管理.robot">
<test id="s1-s1-s1-t1" name="添加班级2 - tc000002">
<status status="FAIL" starttime="20191211 23:05:23.555" endtime="20191211 23:05:23.562" critical="yes">Parent suite setup failed:
KeyError: 'retlist'</status>
</test>
<test id="s1-s1-s1-t2" name="添加班级3 - tc000003">
<status status="FAIL" starttime="20191211 23:05:23.587" endtime="20191211 23:05:23.601" critical="yes">Parent suite setup failed:
KeyError: 'retlist'</status>
</test>
<status status="FAIL" starttime="20191211 23:05:23.544" endtime="20191211 23:05:23.636">Parent suite setup failed:
KeyError: 'retlist'</status>
</suite>
<suite id="s1-s1-s2" name="班级管理Fancy" source="D:\松勤培训视频\项目实战\参考代码\spj02\spj\tc\d-7年级1班\班级管理fancy.robot">
<test id="s1-s1-s2-t1" name="添加班级22 - tc0000022">
<status status="FAIL" starttime="20191211 23:05:23.679" endtime="20191211 23:05:23.683" critical="yes">Parent suite setup failed:
KeyError: 'retlist'</status>
</test>
<test id="s1-s1-s2-t2" name="添加班级33 - tc0000033">
<status status="FAIL" starttime="20191211 23:05:23.693" endtime="20191211 23:05:23.697" critical="yes">Parent suite setup failed:
KeyError: 'retlist'</status>
</test>
<status status="FAIL" starttime="20191211 23:05:23.661" endtime="20191211 23:05:23.723">Parent suite setup failed:
KeyError: 'retlist'</status>
</suite>
<status status="FAIL" starttime="20191211 23:05:23.536" endtime="20191211 23:05:23.736">Parent suite setup failed:
KeyError: 'retlist'</status>
</suite>
<suite id="s1-s2" name="添加班级" source="D:\松勤培训视频\项目实战\参考代码\spj02\spj\tc\添加班级.robot">
<test id="s1-s2-t1" name="添加班级1 - tc000001">
<status status="FAIL" starttime="20191211 23:05:23.767" endtime="20191211 23:05:23.775" critical="yes">Parent suite setup failed:
KeyError: 'retlist'</status>
</test>
<status status="FAIL" starttime="20191211 23:05:23.751" endtime="20191211 23:05:23.788">Parent suite setup failed:
KeyError: 'retlist'</status>
</suite>
<status status="FAIL" starttime="20191211 23:05:22.566" endtime="20191211 23:05:23.809">Suite setup failed:
KeyError: 'retlist'</status>
</suite>
<statistics>
<total>
<stat pass="0" fail="5">Critical Tests</stat>
<stat pass="0" fail="5">All Tests</stat>
</total>
<tag>
</tag>
<suite>
<stat pass="0" fail="5" id="s1" name="Tc">Tc</stat>
<stat pass="0" fail="4" id="s1-s1" name="D-7年级1班">Tc.D-7年级1班</stat>
<stat pass="0" fail="2" id="s1-s1-s1" name="班级管理">Tc.D-7年级1班.班级管理</stat>
<stat pass="0" fail="2" id="s1-s1-s2" name="班级管理Fancy">Tc.D-7年级1班.班级管理Fancy</stat>
<stat pass="0" fail="1" id="s1-s2" name="添加班级">Tc.添加班级</stat>
</suite>
</statistics>
<errors>
</errors>
</robot>
